test_absolute (__main__.TestExercice) ... ok
test_factorial (__main__.TestExercice) ... FAIL
test_prefixes (__main__.TestExercice) ... ok
test_summation (__main__.TestExercice) ... FAIL
test_verify_ages (__main__.TestExercice) ... ERROR

======================================================================
ERROR: test_verify_ages (__main__.TestExercice)
----------------------------------------------------------------------
Traceback (most recent call last):
  File "test_exercice.py", line 72, in test_verify_ages
    output = exercice.verify_ages(groups)
  File "/home/runner/work/c04-ch5-exercices-Maximus4321/c04-ch5-exercices-Maximus4321/exercice.py", line 50, in verify_ages
    if groups.count() > 10 or groups.count() < 4:
TypeError: count() takes exactly one argument (0 given)

======================================================================
FAIL: test_factorial (__main__.TestExercice)
----------------------------------------------------------------------
Traceback (most recent call last):
  File "test_exercice.py", line 62, in test_factorial
    'Mauvaise réponse'
AssertionError: Lists differ: [1, 2, 5040, 362880] != [1, 6, 40320, 3628800]

First differing element 1:
2
6

- [1, 2, 5040, 362880]
?     ^  --

+ [1, 6, 40320, 3628800]
?     ^    +++        +
 : Mauvaise réponse

======================================================================
FAIL: test_summation (__main__.TestExercice)
----------------------------------------------------------------------
Traceback (most recent call last):
  File "test_exercice.py", line 50, in test_summation
    'Mauvaise réponse'
AssertionError: 24680 != 24133 : Mauvaise réponse

----------------------------------------------------------------------
Ran 5 tests in 0.003s

FAILED (failures=2, errors=1)
